[2021-09-08 15:00:19,294: INFO/MainProcess] Connected to redis://redis:6379/0
[2021-09-08 15:00:19,307: INFO/MainProcess] mingle: searching for neighbors
[2021-09-08 15:00:20,331: INFO/MainProcess] mingle: all alone
[2021-09-08 15:00:20,342: WARNING/MainProcess] /usr/local/lib/python3.9/site-packages/celery/fixups/django.py:205: UserWarning: Using settings.DEBUG leads to a memory
            leak, never use this setting in production environments!
  warnings.warn('''Using settings.DEBUG leads to a memory
[2021-09-08 15:00:20,342: INFO/MainProcess] celery@d8fd9cf9afa5 ready.
[2021-09-08 15:00:24,177: INFO/MainProcess] Events of group {task} enabled by remote.
[2021-09-08 15:00:36,651: INFO/MainProcess] Received task: tasks.sample_tasks.create_task[ad49c576-6222-4e3b-bb80-24df67956c63]  
[2021-09-08 15:00:36,655: INFO/ForkPoolWorker-7] Task tasks.sample_tasks.create_task[ad49c576-6222-4e3b-bb80-24df67956c63] succeeded in 0.00210689000232378s: True
[2021-09-08 15:04:15,464: INFO/MainProcess] Received task: tasks.sample_tasks.create_task[f550f9b0-bdbb-45d0-9cf4-e159c00a2d43]  
[2021-09-08 15:04:25,477: INFO/ForkPoolWorker-7] Task tasks.sample_tasks.create_task[f550f9b0-bdbb-45d0-9cf4-e159c00a2d43] succeeded in 10.011832019001304s: True
[2021-09-08 15:08:12,615: INFO/MainProcess] Connected to redis://redis:6379/0
[2021-09-08 15:08:12,625: INFO/MainProcess] mingle: searching for neighbors
[2021-09-08 15:08:13,646: INFO/MainProcess] mingle: all alone
[2021-09-08 15:08:13,656: WARNING/MainProcess] /usr/local/lib/python3.9/site-packages/celery/fixups/django.py:205: UserWarning: Using settings.DEBUG leads to a memory
            leak, never use this setting in production environments!
  warnings.warn('''Using settings.DEBUG leads to a memory
[2021-09-08 15:08:13,656: INFO/MainProcess] celery@bf621874d400 ready.
[2021-09-08 15:08:15,695: INFO/MainProcess] Received task: tasks.sample_tasks.create_task[eac8ace1-d412-403f-a467-07b54ff1bc10]  
[2021-09-08 15:08:17,609: INFO/MainProcess] Events of group {task} enabled by remote.
[2021-09-08 15:08:35,717: INFO/ForkPoolWorker-7] Task tasks.sample_tasks.create_task[eac8ace1-d412-403f-a467-07b54ff1bc10] succeeded in 20.020514547999483s: True
[2021-09-08 15:09:25,049: INFO/MainProcess] Received task: tasks.sample_tasks.create_task[bb62dd85-d8a0-4ede-8df0-4b9400356e2e]  
[2021-09-08 15:09:55,061: INFO/ForkPoolWorker-7] Task tasks.sample_tasks.create_task[bb62dd85-d8a0-4ede-8df0-4b9400356e2e] succeeded in 30.010039066997706s: True
[2021-09-08 15:32:20,081: INFO/MainProcess] Connected to redis://redis:6379/0
[2021-09-08 15:32:20,089: INFO/MainProcess] mingle: searching for neighbors
[2021-09-08 15:32:21,108: INFO/MainProcess] mingle: all alone
[2021-09-08 15:32:21,120: WARNING/MainProcess] /usr/local/lib/python3.9/site-packages/celery/fixups/django.py:205: UserWarning: Using settings.DEBUG leads to a memory
            leak, never use this setting in production environments!
  warnings.warn('''Using settings.DEBUG leads to a memory
[2021-09-08 15:32:21,120: INFO/MainProcess] celery@7046d10a8d5f ready.
[2021-09-08 15:32:24,989: INFO/MainProcess] Events of group {task} enabled by remote.
[2021-09-08 15:33:34,367: INFO/MainProcess] Connected to redis://redis:6379/0
[2021-09-08 15:33:34,378: INFO/MainProcess] mingle: searching for neighbors
[2021-09-08 15:33:35,398: INFO/MainProcess] mingle: all alone
[2021-09-08 15:33:35,408: WARNING/MainProcess] /usr/local/lib/python3.9/site-packages/celery/fixups/django.py:205: UserWarning: Using settings.DEBUG leads to a memory
            leak, never use this setting in production environments!
  warnings.warn('''Using settings.DEBUG leads to a memory
[2021-09-08 15:33:35,408: INFO/MainProcess] celery@07864a350111 ready.
[2021-09-08 15:33:39,313: INFO/MainProcess] Events of group {task} enabled by remote.
[2021-09-08 15:33:42,344: INFO/MainProcess] Received task: tasks.sample_tasks.create_task[25110d71-41c4-4338-b618-235d405be787]  
[2021-09-08 15:33:49,632: INFO/MainProcess] Received task: tasks.sample_tasks.create_task[052f706a-b1e5-49fd-b7b2-b466f490603e]  
[2021-09-08 15:33:50,716: INFO/MainProcess] Received task: tasks.sample_tasks.create_task[04b2bba4-47ee-46b5-adb1-7909c2975d8d]  
[2021-09-08 15:33:51,157: INFO/MainProcess] Received task: tasks.sample_tasks.create_task[7d9a8307-0e29-48ac-94fe-a88b64997cff]  
[2021-09-08 15:33:51,783: INFO/MainProcess] Received task: tasks.sample_tasks.create_task[e9732062-3404-49f6-bb3a-c1d76e71f70c]  
[2021-09-08 15:33:52,358: INFO/ForkPoolWorker-7] Task tasks.sample_tasks.create_task[25110d71-41c4-4338-b618-235d405be787] succeeded in 10.011797582999861s: True
[2021-09-08 15:33:59,645: INFO/ForkPoolWorker-8] Task tasks.sample_tasks.create_task[052f706a-b1e5-49fd-b7b2-b466f490603e] succeeded in 10.011416597997595s: True
[2021-09-08 15:34:01,797: INFO/ForkPoolWorker-10] Task tasks.sample_tasks.create_task[e9732062-3404-49f6-bb3a-c1d76e71f70c] succeeded in 10.012278886999411s: True
[2021-09-08 15:34:10,737: INFO/ForkPoolWorker-9] Task tasks.sample_tasks.create_task[04b2bba4-47ee-46b5-adb1-7909c2975d8d] succeeded in 20.019905888999347s: True
[2021-09-08 15:34:21,189: INFO/ForkPoolWorker-1] Task tasks.sample_tasks.create_task[7d9a8307-0e29-48ac-94fe-a88b64997cff] succeeded in 30.03043072899891s: True
[2021-09-09 11:22:47,595: INFO/MainProcess] Connected to redis://redis:6379/0
[2021-09-09 11:22:47,607: INFO/MainProcess] mingle: searching for neighbors
[2021-09-09 11:22:48,636: INFO/MainProcess] mingle: all alone
[2021-09-09 11:22:48,646: WARNING/MainProcess] /usr/local/lib/python3.9/site-packages/celery/fixups/django.py:205: UserWarning: Using settings.DEBUG leads to a memory
            leak, never use this setting in production environments!
  warnings.warn('''Using settings.DEBUG leads to a memory
[2021-09-09 11:22:48,646: INFO/MainProcess] celery@55e90be549ba ready.
[2021-09-09 11:22:52,542: INFO/MainProcess] Events of group {task} enabled by remote.
[2021-09-09 11:22:56,951: INFO/MainProcess] Received task: tasks.sample_tasks.create_task[001454cb-9edf-4e4b-8061-7cca194a417b]  
[2021-09-09 11:23:16,973: INFO/ForkPoolWorker-7] Task tasks.sample_tasks.create_task[001454cb-9edf-4e4b-8061-7cca194a417b] succeeded in 20.019593220000388s: True
[2021-09-09 11:23:45,158: INFO/MainProcess] Received task: tasks.sample_tasks.create_task[df91381f-2f8a-4b6b-b2d1-a4ad2ede34d8]  
[2021-09-09 11:23:48,897: INFO/MainProcess] Received task: tasks.sample_tasks.create_task[e5cafb3b-402d-4799-a1ee-2ddf4ee5be78]  
[2021-09-09 11:23:49,698: INFO/MainProcess] Received task: tasks.sample_tasks.create_task[23e2fd1f-eee5-4268-9904-9aa2daf56394]  
[2021-09-09 11:24:05,180: INFO/ForkPoolWorker-7] Task tasks.sample_tasks.create_task[df91381f-2f8a-4b6b-b2d1-a4ad2ede34d8] succeeded in 20.0204724169962s: True
[2021-09-09 11:24:08,921: INFO/ForkPoolWorker-8] Task tasks.sample_tasks.create_task[e5cafb3b-402d-4799-a1ee-2ddf4ee5be78] succeeded in 20.02238403299998s: True
[2021-09-09 11:24:09,722: INFO/ForkPoolWorker-9] Task tasks.sample_tasks.create_task[23e2fd1f-eee5-4268-9904-9aa2daf56394] succeeded in 20.02213837000454s: True
[2021-09-09 11:30:26,617: INFO/MainProcess] Connected to redis://redis:6379/0
[2021-09-09 11:30:26,626: INFO/MainProcess] mingle: searching for neighbors
[2021-09-09 11:30:27,644: INFO/MainProcess] mingle: all alone
[2021-09-09 11:30:27,656: WARNING/MainProcess] /usr/local/lib/python3.9/site-packages/celery/fixups/django.py:205: UserWarning: Using settings.DEBUG leads to a memory
            leak, never use this setting in production environments!
  warnings.warn('''Using settings.DEBUG leads to a memory
[2021-09-09 11:30:27,657: INFO/MainProcess] celery@48bda1a59bec ready.
[2021-09-09 11:30:31,588: INFO/MainProcess] Events of group {task} enabled by remote.
[2021-09-09 11:30:34,966: INFO/MainProcess] Received task: tasks.sample_tasks.create_task[d546db25-b74b-4306-a353-193919f5fa4e]  
[2021-09-09 11:30:35,537: INFO/MainProcess] Received task: tasks.sample_tasks.create_task[e3dc5a2d-edb8-4072-807c-99eea7e95c14]  
[2021-09-09 11:30:36,936: INFO/MainProcess] Received task: tasks.sample_tasks.create_task[f2c39826-daa2-487e-873e-89393bb4ff76]  
[2021-09-09 11:30:37,198: INFO/MainProcess] Received task: tasks.sample_tasks.create_task[6166dfed-ada2-4ac2-bccf-8a9a82d6eb4f]  
[2021-09-09 11:30:54,989: INFO/ForkPoolWorker-6] Task tasks.sample_tasks.create_task[d546db25-b74b-4306-a353-193919f5fa4e] succeeded in 20.021506411998416s: True
[2021-09-09 11:30:55,561: INFO/ForkPoolWorker-7] Task tasks.sample_tasks.create_task[e3dc5a2d-edb8-4072-807c-99eea7e95c14] succeeded in 20.021695864998037s: True
[2021-09-09 11:30:56,957: INFO/ForkPoolWorker-8] Task tasks.sample_tasks.create_task[f2c39826-daa2-487e-873e-89393bb4ff76] succeeded in 20.019608580005297s: True
[2021-09-09 11:30:57,221: INFO/ForkPoolWorker-9] Task tasks.sample_tasks.create_task[6166dfed-ada2-4ac2-bccf-8a9a82d6eb4f] succeeded in 20.020871057997283s: True
[2021-09-09 11:31:40,016: INFO/MainProcess] Received task: tasks.sample_tasks.create_task[3a3b9c75-b026-42ee-b9f4-97a79eee07eb]  
[2021-09-09 11:31:50,029: INFO/ForkPoolWorker-6] Task tasks.sample_tasks.create_task[3a3b9c75-b026-42ee-b9f4-97a79eee07eb] succeeded in 10.011048395004764s: True
[2021-09-09 11:35:36,683: INFO/MainProcess] Connected to redis://redis:6379/0
[2021-09-09 11:35:36,693: INFO/MainProcess] mingle: searching for neighbors
[2021-09-09 11:35:37,715: INFO/MainProcess] mingle: all alone
[2021-09-09 11:35:37,727: WARNING/MainProcess] /usr/local/lib/python3.9/site-packages/celery/fixups/django.py:205: UserWarning: Using settings.DEBUG leads to a memory
            leak, never use this setting in production environments!
  warnings.warn('''Using settings.DEBUG leads to a memory
[2021-09-09 11:35:37,727: INFO/MainProcess] celery@6bf336ee3197 ready.
[2021-09-09 11:35:41,560: INFO/MainProcess] Events of group {task} enabled by remote.
[2021-09-09 11:35:41,724: INFO/MainProcess] Received task: tasks.sample_tasks.create_task[d55a07ba-a8a1-499d-8242-6244eaa53a22]  
[2021-09-09 11:35:51,739: INFO/ForkPoolWorker-6] Task tasks.sample_tasks.create_task[d55a07ba-a8a1-499d-8242-6244eaa53a22] succeeded in 10.012494460002927s: True
[2021-09-09 11:38:00,365: INFO/MainProcess] Connected to redis://redis:6379/0
[2021-09-09 11:38:00,373: INFO/MainProcess] mingle: searching for neighbors
[2021-09-09 11:38:01,391: INFO/MainProcess] mingle: all alone
[2021-09-09 11:38:01,404: WARNING/MainProcess] /usr/local/lib/python3.9/site-packages/celery/fixups/django.py:205: UserWarning: Using settings.DEBUG leads to a memory
            leak, never use this setting in production environments!
  warnings.warn('''Using settings.DEBUG leads to a memory
[2021-09-09 11:38:01,405: INFO/MainProcess] celery@998c71f189e2 ready.
[2021-09-09 11:38:02,113: INFO/MainProcess] Received task: tasks.sample_tasks.create_task[00e08411-c0ed-46ee-8a40-1b1d7fd12a76]  
[2021-09-09 11:38:05,229: INFO/MainProcess] Events of group {task} enabled by remote.
[2021-09-09 11:38:12,126: INFO/ForkPoolWorker-6] Task tasks.sample_tasks.create_task[00e08411-c0ed-46ee-8a40-1b1d7fd12a76] succeeded in 10.01177903200005s: True
[2021-09-09 11:39:33,745: INFO/MainProcess] Connected to redis://redis:6379/0
[2021-09-09 11:39:33,755: INFO/MainProcess] mingle: searching for neighbors
[2021-09-09 11:39:34,772: INFO/MainProcess] mingle: all alone
[2021-09-09 11:39:34,783: WARNING/MainProcess] /usr/local/lib/python3.9/site-packages/celery/fixups/django.py:205: UserWarning: Using settings.DEBUG leads to a memory
            leak, never use this setting in production environments!
  warnings.warn('''Using settings.DEBUG leads to a memory
[2021-09-09 11:39:34,783: INFO/MainProcess] celery@934b0b240022 ready.
[2021-09-09 11:39:35,799: INFO/MainProcess] Received task: tasks.sample_tasks.create_task[e84aec39-778a-4438-a35f-1296defc1a57]  
[2021-09-09 11:39:36,521: INFO/MainProcess] Received task: tasks.sample_tasks.create_task[32cde054-c47b-406e-a572-3577004bc031]  
[2021-09-09 11:39:38,786: INFO/MainProcess] Events of group {task} enabled by remote.
[2021-09-09 11:39:45,814: INFO/ForkPoolWorker-6] Task tasks.sample_tasks.create_task[e84aec39-778a-4438-a35f-1296defc1a57] succeeded in 10.012613448998309s: True
[2021-09-09 11:39:46,530: INFO/ForkPoolWorker-7] Task tasks.sample_tasks.create_task[32cde054-c47b-406e-a572-3577004bc031] succeeded in 10.008345647001988s: True
[2021-09-09 11:48:51,209: INFO/MainProcess] Connected to redis://redis:6379/0
[2021-09-09 11:48:51,218: INFO/MainProcess] mingle: searching for neighbors
[2021-09-09 11:48:52,234: INFO/MainProcess] mingle: all alone
[2021-09-09 11:48:52,246: WARNING/MainProcess] /usr/local/lib/python3.9/site-packages/celery/fixups/django.py:205: UserWarning: Using settings.DEBUG leads to a memory
            leak, never use this setting in production environments!
  warnings.warn('''Using settings.DEBUG leads to a memory
[2021-09-09 11:48:52,246: INFO/MainProcess] celery@393eb2e74828 ready.
[2021-09-09 11:48:56,205: INFO/MainProcess] Events of group {task} enabled by remote.
[2021-09-09 11:52:29,459: INFO/MainProcess] Received task: tasks.sample_tasks.create_task[3b37db74-1c5f-4edf-8938-3d86b40c2fc7]  
[2021-09-09 11:52:39,473: INFO/ForkPoolWorker-7] Task tasks.sample_tasks.create_task[3b37db74-1c5f-4edf-8938-3d86b40c2fc7] succeeded in 10.01213627999823s: True
[2021-09-09 13:00:01,499: INFO/MainProcess] Connected to redis://redis:6379/0
[2021-09-09 13:00:01,511: INFO/MainProcess] mingle: searching for neighbors
[2021-09-09 13:00:02,530: INFO/MainProcess] mingle: all alone
[2021-09-09 13:00:02,540: WARNING/MainProcess] /usr/local/lib/python3.9/site-packages/celery/fixups/django.py:205: UserWarning: Using settings.DEBUG leads to a memory
            leak, never use this setting in production environments!
  warnings.warn('''Using settings.DEBUG leads to a memory
[2021-09-09 13:00:02,540: INFO/MainProcess] celery@873ed131357b ready.
[2021-09-09 13:00:06,437: INFO/MainProcess] Events of group {task} enabled by remote.
[2021-09-09 13:03:37,477: INFO/MainProcess] Connected to redis://redis:6379/0
[2021-09-09 13:03:37,489: INFO/MainProcess] mingle: searching for neighbors
[2021-09-09 13:03:38,506: INFO/MainProcess] mingle: all alone
[2021-09-09 13:03:38,518: WARNING/MainProcess] /usr/local/lib/python3.9/site-packages/celery/fixups/django.py:205: UserWarning: Using settings.DEBUG leads to a memory
            leak, never use this setting in production environments!
  warnings.warn('''Using settings.DEBUG leads to a memory
[2021-09-09 13:03:38,518: INFO/MainProcess] celery@6800100b4ded ready.
[2021-09-09 13:03:42,419: INFO/MainProcess] Events of group {task} enabled by remote.
[2021-09-09 13:03:55,152: INFO/MainProcess] Received task: tasks.sample_tasks.create_task[8d2901d7-2cc7-484d-8237-a520f7b274ff]  
[2021-09-09 13:04:05,167: INFO/ForkPoolWorker-7] Task tasks.sample_tasks.create_task[8d2901d7-2cc7-484d-8237-a520f7b274ff] succeeded in 10.012508259998867s: True
[2021-09-10 13:51:45,198: INFO/MainProcess] Connected to redis://redis:6379/0
[2021-09-10 13:51:45,206: INFO/MainProcess] mingle: searching for neighbors
[2021-09-10 13:51:46,222: INFO/MainProcess] mingle: all alone
[2021-09-10 13:51:46,237: WARNING/MainProcess] /usr/local/lib/python3.9/site-packages/celery/fixups/django.py:205: UserWarning: Using settings.DEBUG leads to a memory
            leak, never use this setting in production environments!
  warnings.warn('''Using settings.DEBUG leads to a memory
[2021-09-10 13:51:46,237: INFO/MainProcess] celery@8a1dd863e946 ready.
[2021-09-10 13:51:50,187: INFO/MainProcess] Events of group {task} enabled by remote.
[2021-09-10 13:51:55,389: INFO/MainProcess] Received task: tasks.sample_tasks.create_task[25a48383-0b47-4c80-b31e-9cfc91a21b80]  
[2021-09-10 13:51:59,999: INFO/MainProcess] Received task: tasks.sample_tasks.create_task[4bd84beb-29ba-4670-9cf2-e8148c83248f]  
[2021-09-10 13:52:01,912: INFO/MainProcess] Received task: tasks.sample_tasks.create_task[1d2075d8-bb28-41de-981a-632963aa8eea]  
[2021-09-10 13:52:02,683: INFO/MainProcess] Received task: tasks.sample_tasks.create_task[aee0e76e-cdbe-4f00-b46f-cffd951fdd9c]  
[2021-09-10 13:52:05,403: INFO/ForkPoolWorker-7] Task tasks.sample_tasks.create_task[25a48383-0b47-4c80-b31e-9cfc91a21b80] succeeded in 10.012533410998003s: True
[2021-09-10 13:52:11,922: INFO/ForkPoolWorker-1] Task tasks.sample_tasks.create_task[1d2075d8-bb28-41de-981a-632963aa8eea] succeeded in 10.00885644400114s: True
[2021-09-10 13:52:12,697: INFO/ForkPoolWorker-9] Task tasks.sample_tasks.create_task[aee0e76e-cdbe-4f00-b46f-cffd951fdd9c] succeeded in 10.01295153999672s: True
[2021-09-10 13:52:20,013: INFO/ForkPoolWorker-8] Task tasks.sample_tasks.create_task[4bd84beb-29ba-4670-9cf2-e8148c83248f] succeeded in 20.012123939995945s: True
[2021-09-10 13:55:20,333: INFO/MainProcess] Received task: tasks.sample_tasks.create_task[1582ea0e-1539-4aa6-8d7f-876cdcd59c9c]  
[2021-09-10 13:55:30,346: INFO/ForkPoolWorker-7] Task tasks.sample_tasks.create_task[1582ea0e-1539-4aa6-8d7f-876cdcd59c9c] succeeded in 10.011178301996551s: True
[2021-09-10 13:55:52,964: INFO/MainProcess] Received task: tasks.sample_tasks.create_task[25954e1f-c7b0-44a5-b9e5-fe27d4c597df]  
[2021-09-10 13:56:02,977: INFO/ForkPoolWorker-7] Task tasks.sample_tasks.create_task[25954e1f-c7b0-44a5-b9e5-fe27d4c597df] succeeded in 10.01181183099834s: True
[2021-09-10 14:00:54,115: INFO/MainProcess] Received task: tasks.sample_tasks.create_task[dfec8462-ecf1-4b48-9425-f236448801d0]  
[2021-09-10 14:00:59,225: INFO/MainProcess] Received task: tasks.sample_tasks.create_task[66a95cf4-98ea-4344-8a28-d6c9bdddbece]  
[2021-09-10 14:01:04,125: INFO/ForkPoolWorker-7] Task tasks.sample_tasks.create_task[dfec8462-ecf1-4b48-9425-f236448801d0] succeeded in 10.007904734993645s: True
[2021-09-10 14:01:09,238: INFO/ForkPoolWorker-8] Task tasks.sample_tasks.create_task[66a95cf4-98ea-4344-8a28-d6c9bdddbece] succeeded in 10.011034371993446s: True
[2021-09-10 14:01:37,680: INFO/MainProcess] Received task: tasks.sample_tasks.create_task[97d81b7e-599e-48a3-8393-aa14b70b2e1e]  
[2021-09-10 14:01:38,888: INFO/MainProcess] Received task: tasks.sample_tasks.create_task[f3b934d5-908f-4eee-b5b8-e31f6d5c2f4f]  
[2021-09-10 14:01:47,693: INFO/ForkPoolWorker-7] Task tasks.sample_tasks.create_task[97d81b7e-599e-48a3-8393-aa14b70b2e1e] succeeded in 10.01106694000191s: True
[2021-09-10 14:01:48,901: INFO/ForkPoolWorker-8] Task tasks.sample_tasks.create_task[f3b934d5-908f-4eee-b5b8-e31f6d5c2f4f] succeeded in 10.01055504100077s: True
[2021-09-10 14:04:08,195: INFO/MainProcess] Connected to redis://redis:6379/0
[2021-09-10 14:04:08,202: INFO/MainProcess] mingle: searching for neighbors
[2021-09-10 14:04:09,221: INFO/MainProcess] mingle: all alone
[2021-09-10 14:04:09,233: WARNING/MainProcess] /usr/local/lib/python3.9/site-packages/celery/fixups/django.py:205: UserWarning: Using settings.DEBUG leads to a memory
            leak, never use this setting in production environments!
  warnings.warn('''Using settings.DEBUG leads to a memory
[2021-09-10 14:04:09,233: INFO/MainProcess] celery@2c836654229a ready.
[2021-09-10 14:04:11,050: INFO/MainProcess] Received task: tasks.sample_tasks.create_task[b32df2fc-7b8f-42c1-9a66-9348c9d6cd0c]  
[2021-09-10 14:04:13,084: INFO/MainProcess] Events of group {task} enabled by remote.
[2021-09-10 14:04:21,064: INFO/ForkPoolWorker-6] Task tasks.sample_tasks.create_task[b32df2fc-7b8f-42c1-9a66-9348c9d6cd0c] succeeded in 10.012311657999817s: True
[2021-09-10 14:16:53,136: INFO/MainProcess] Received task: tasks.sample_tasks.create_task[104017f5-8353-49ba-a30f-8dd0b7c6cb8f]  
[2021-09-10 14:16:53,550: INFO/MainProcess] Received task: tasks.sample_tasks.create_task[619e246c-cb51-402b-935a-e15323f847dc]  
[2021-09-10 14:16:54,145: INFO/MainProcess] Received task: tasks.sample_tasks.create_task[02c8da3d-d132-4a92-bf9f-a8079f8d5897]  
[2021-09-10 14:16:55,578: INFO/MainProcess] Received task: tasks.sample_tasks.create_task[9f89096e-8e78-4166-8372-0f08e645b43d]  
[2021-09-10 14:17:03,141: INFO/ForkPoolWorker-6] Task tasks.sample_tasks.create_task[104017f5-8353-49ba-a30f-8dd0b7c6cb8f] succeeded in 10.003405112998735s: True
[2021-09-10 14:17:03,565: INFO/ForkPoolWorker-7] Task tasks.sample_tasks.create_task[619e246c-cb51-402b-935a-e15323f847dc] succeeded in 10.01236806900124s: True
[2021-09-10 14:17:04,159: INFO/ForkPoolWorker-8] Task tasks.sample_tasks.create_task[02c8da3d-d132-4a92-bf9f-a8079f8d5897] succeeded in 10.012324915995123s: True
[2021-09-10 14:17:15,598: INFO/ForkPoolWorker-9] Task tasks.sample_tasks.create_task[9f89096e-8e78-4166-8372-0f08e645b43d] succeeded in 20.018623536998348s: True
[2021-09-10 14:17:19,368: INFO/MainProcess] Received task: tasks.sample_tasks.create_task[f5e7f9bb-f70e-45c4-9146-b71a028aae1e]  
[2021-09-10 14:17:19,614: INFO/MainProcess] Received task: tasks.sample_tasks.create_task[e1f15cdf-4809-4b68-895b-ec05bdd225f6]  
[2021-09-10 14:17:19,759: INFO/MainProcess] Received task: tasks.sample_tasks.create_task[108b3e06-bc9a-4e42-ab5c-2b630198a1fc]  
[2021-09-10 14:17:29,377: INFO/ForkPoolWorker-6] Task tasks.sample_tasks.create_task[f5e7f9bb-f70e-45c4-9146-b71a028aae1e] succeeded in 10.007186707000074s: True
[2021-09-10 14:17:29,625: INFO/ForkPoolWorker-7] Task tasks.sample_tasks.create_task[e1f15cdf-4809-4b68-895b-ec05bdd225f6] succeeded in 10.008875127001374s: True
[2021-09-10 14:17:29,771: INFO/ForkPoolWorker-8] Task tasks.sample_tasks.create_task[108b3e06-bc9a-4e42-ab5c-2b630198a1fc] succeeded in 10.01091288599855s: True
[2021-09-10 14:23:26,698: INFO/MainProcess] Received task: tasks.sample_tasks.create_task[8dcc3ade-b220-4aea-ba72-bce2adab4d80]  
[2021-09-10 14:23:27,591: INFO/MainProcess] Received task: tasks.sample_tasks.create_task[ece4ccf7-78d6-4989-b66a-6bcdb816c977]  
[2021-09-10 14:23:36,712: INFO/ForkPoolWorker-6] Task tasks.sample_tasks.create_task[8dcc3ade-b220-4aea-ba72-bce2adab4d80] succeeded in 10.011425821001467s: True
[2021-09-10 14:23:37,604: INFO/ForkPoolWorker-7] Task tasks.sample_tasks.create_task[ece4ccf7-78d6-4989-b66a-6bcdb816c977] succeeded in 10.011178348999238s: True
[2021-09-10 14:25:56,395: INFO/MainProcess] Received task: tasks.sample_tasks.create_task[9621c8b9-de87-4a4f-9a24-4c83e2b18f35]  
[2021-09-10 14:26:06,408: INFO/ForkPoolWorker-6] Task tasks.sample_tasks.create_task[9621c8b9-de87-4a4f-9a24-4c83e2b18f35] succeeded in 10.010890280995227s: True
[2021-09-10 14:35:10,910: INFO/MainProcess] Received task: tasks.sample_tasks.create_task[14fbd309-2bf9-4d7f-aea8-30ec9db6f1a3]  
[2021-09-10 14:35:12,018: INFO/MainProcess] Received task: tasks.sample_tasks.create_task[a3e3fdcb-2f30-48e8-bbb7-307e26f2eeee]  
[2021-09-10 14:35:20,921: INFO/ForkPoolWorker-6] Task tasks.sample_tasks.create_task[14fbd309-2bf9-4d7f-aea8-30ec9db6f1a3] succeeded in 10.009025396000652s: True
[2021-09-10 14:35:22,029: INFO/ForkPoolWorker-7] Task tasks.sample_tasks.create_task[a3e3fdcb-2f30-48e8-bbb7-307e26f2eeee] succeeded in 10.009661809002864s: True
[2021-09-10 15:01:34,505: INFO/MainProcess] Received task: tasks.sample_tasks.create_task[3ee3e272-4db8-439f-b8d7-0f61c7269a0b]  
[2021-09-10 15:01:34,762: INFO/MainProcess] Received task: tasks.sample_tasks.create_task[df472d3b-6d0c-4353-bf0d-a9d60bce4f07]  
[2021-09-10 15:01:34,914: INFO/MainProcess] Received task: tasks.sample_tasks.create_task[deafac7a-56fd-45ef-94d3-1c63c9469695]  
[2021-09-10 15:01:44,518: INFO/ForkPoolWorker-6] Task tasks.sample_tasks.create_task[3ee3e272-4db8-439f-b8d7-0f61c7269a0b] succeeded in 10.01111669200327s: True
[2021-09-10 15:01:44,773: INFO/ForkPoolWorker-7] Task tasks.sample_tasks.create_task[df472d3b-6d0c-4353-bf0d-a9d60bce4f07] succeeded in 10.00877075700555s: True
[2021-09-10 15:01:44,926: INFO/ForkPoolWorker-8] Task tasks.sample_tasks.create_task[deafac7a-56fd-45ef-94d3-1c63c9469695] succeeded in 10.010126114997547s: True
[2021-09-10 15:01:55,863: INFO/MainProcess] Received task: tasks.sample_tasks.create_task[b5f289dd-9a28-446d-aed8-c6ed8d17be16]  
[2021-09-10 15:01:56,311: INFO/MainProcess] Received task: tasks.sample_tasks.create_task[4472275e-c9f8-483b-b4d1-901db7a6f537]  
[2021-09-10 15:01:56,471: INFO/MainProcess] Received task: tasks.sample_tasks.create_task[9fd1ede0-79f4-446b-9274-8f600b1313a0]  
[2021-09-10 15:01:56,657: INFO/MainProcess] Received task: tasks.sample_tasks.create_task[aef7107f-06a6-49bf-9268-d96ea32abe7f]  
[2021-09-10 15:01:56,816: INFO/MainProcess] Received task: tasks.sample_tasks.create_task[2d3e3856-522e-4e87-92d6-67c553e43b24]  
[2021-09-10 15:01:56,983: INFO/MainProcess] Received task: tasks.sample_tasks.create_task[fcc66dc7-0714-4354-bd42-c0ea0fcd9592]  
[2021-09-10 15:01:57,565: INFO/MainProcess] Received task: tasks.sample_tasks.create_task[58b30ea1-a32c-4fac-a2eb-5a147e6fb79c]  
[2021-09-10 15:02:02,136: INFO/MainProcess] Received task: tasks.sample_tasks.create_task[c2dd9425-6927-4ebc-94d1-6478330601a2]  
[2021-09-10 15:02:05,873: INFO/ForkPoolWorker-6] Task tasks.sample_tasks.create_task[b5f289dd-9a28-446d-aed8-c6ed8d17be16] succeeded in 10.008536834000552s: True
[2021-09-10 15:02:06,321: INFO/ForkPoolWorker-7] Task tasks.sample_tasks.create_task[4472275e-c9f8-483b-b4d1-901db7a6f537] succeeded in 10.008214040994062s: True
[2021-09-10 15:02:06,481: INFO/ForkPoolWorker-8] Task tasks.sample_tasks.create_task[9fd1ede0-79f4-446b-9274-8f600b1313a0] succeeded in 10.008136667995132s: True
[2021-09-10 15:02:06,669: INFO/ForkPoolWorker-9] Task tasks.sample_tasks.create_task[aef7107f-06a6-49bf-9268-d96ea32abe7f] succeeded in 10.009731703001307s: True
[2021-09-10 15:02:06,830: INFO/ForkPoolWorker-1] Task tasks.sample_tasks.create_task[2d3e3856-522e-4e87-92d6-67c553e43b24] succeeded in 10.011900161000085s: True
[2021-09-10 15:02:06,990: INFO/ForkPoolWorker-10] Task tasks.sample_tasks.create_task[fcc66dc7-0714-4354-bd42-c0ea0fcd9592] succeeded in 10.005373934996896s: True
[2021-09-10 15:02:07,578: INFO/ForkPoolWorker-2] Task tasks.sample_tasks.create_task[58b30ea1-a32c-4fac-a2eb-5a147e6fb79c] succeeded in 10.01146068199887s: True
[2021-09-10 15:02:22,158: INFO/ForkPoolWorker-11] Task tasks.sample_tasks.create_task[c2dd9425-6927-4ebc-94d1-6478330601a2] succeeded in 20.02117592900322s: True
[2021-09-10 15:05:09,183: INFO/MainProcess] Received task: tasks.sample_tasks.create_task[a3071d20-ce25-467f-b84c-47b31d14c5d9]  
[2021-09-10 15:05:09,296: INFO/MainProcess] Received task: tasks.sample_tasks.create_task[439e73bc-c8a1-422a-9e62-fdb2a4291a3f]  
[2021-09-10 15:05:09,448: INFO/MainProcess] Received task: tasks.sample_tasks.create_task[19057c6c-421b-4523-99c4-6ba6d949164d]  
[2021-09-10 15:05:09,602: INFO/MainProcess] Received task: tasks.sample_tasks.create_task[eb5c3b59-8c2a-4a00-81f6-6b592f2fdf55]  
[2021-09-10 15:05:09,750: INFO/MainProcess] Received task: tasks.sample_tasks.create_task[e394bbaf-1954-44b0-9486-0d27dcfd49e0]  
[2021-09-10 15:05:19,196: INFO/ForkPoolWorker-6] Task tasks.sample_tasks.create_task[a3071d20-ce25-467f-b84c-47b31d14c5d9] succeeded in 10.0109599829957s: True
[2021-09-10 15:05:19,305: INFO/ForkPoolWorker-7] Task tasks.sample_tasks.create_task[439e73bc-c8a1-422a-9e62-fdb2a4291a3f] succeeded in 10.007071322004776s: True
[2021-09-10 15:05:19,461: INFO/ForkPoolWorker-8] Task tasks.sample_tasks.create_task[19057c6c-421b-4523-99c4-6ba6d949164d] succeeded in 10.010742502003268s: True
[2021-09-10 15:05:19,613: INFO/ForkPoolWorker-9] Task tasks.sample_tasks.create_task[eb5c3b59-8c2a-4a00-81f6-6b592f2fdf55] succeeded in 10.008569643003284s: True
[2021-09-10 15:05:19,753: INFO/ForkPoolWorker-1] Task tasks.sample_tasks.create_task[e394bbaf-1954-44b0-9486-0d27dcfd49e0] succeeded in 10.001498915000411s: True
[2021-09-11 15:30:28,774: INFO/MainProcess] Connected to redis://redis:6379/0
[2021-09-11 15:30:28,786: INFO/MainProcess] mingle: searching for neighbors
[2021-09-11 15:30:29,810: INFO/MainProcess] mingle: all alone
[2021-09-11 15:30:29,825: WARNING/MainProcess] /usr/local/lib/python3.9/site-packages/celery/fixups/django.py:205: UserWarning: Using settings.DEBUG leads to a memory
            leak, never use this setting in production environments!
  warnings.warn('''Using settings.DEBUG leads to a memory
[2021-09-11 15:30:29,825: INFO/MainProcess] celery@557826d7ade8 ready.
[2021-09-11 15:30:33,646: INFO/MainProcess] Events of group {task} enabled by remote.
[2021-09-11 15:32:17,885: INFO/MainProcess] Received task: tasks.sample_tasks.create_task[400e77dc-2a2d-4c79-a182-27a5d4fc5738]  
[2021-09-11 15:32:27,896: INFO/ForkPoolWorker-7] Task tasks.sample_tasks.create_task[400e77dc-2a2d-4c79-a182-27a5d4fc5738] succeeded in 10.008663758999774s: True
[2021-09-11 15:42:51,090: INFO/MainProcess] Connected to redis://redis:6379/0
[2021-09-11 15:42:51,098: INFO/MainProcess] mingle: searching for neighbors
[2021-09-11 15:42:52,120: INFO/MainProcess] mingle: all alone
[2021-09-11 15:42:52,132: WARNING/MainProcess] /usr/local/lib/python3.9/site-packages/celery/fixups/django.py:205: UserWarning: Using settings.DEBUG leads to a memory
            leak, never use this setting in production environments!
  warnings.warn('''Using settings.DEBUG leads to a memory
[2021-09-11 15:42:52,132: INFO/MainProcess] celery@095f68d28c7e ready.
[2021-09-11 15:42:55,970: INFO/MainProcess] Events of group {task} enabled by remote.
[2021-09-13 12:44:08,644: INFO/MainProcess] Connected to redis://redis:6379/0
[2021-09-13 12:44:08,655: INFO/MainProcess] mingle: searching for neighbors
[2021-09-13 12:44:09,672: INFO/MainProcess] mingle: all alone
[2021-09-13 12:44:09,684: WARNING/MainProcess] /usr/local/lib/python3.9/site-packages/celery/fixups/django.py:205: UserWarning: Using settings.DEBUG leads to a memory
            leak, never use this setting in production environments!
  warnings.warn('''Using settings.DEBUG leads to a memory
[2021-09-13 12:44:09,684: INFO/MainProcess] celery@cf046178b50e ready.
[2021-09-13 12:44:13,844: INFO/MainProcess] Events of group {task} enabled by remote.
[2021-09-13 12:47:01,908: INFO/MainProcess] Received task: tasks.sample_tasks.create_task[8b1e95fa-7ce1-42bf-81ee-49fec917b26e]  
[2021-09-13 12:47:11,923: INFO/ForkPoolWorker-7] Task tasks.sample_tasks.create_task[8b1e95fa-7ce1-42bf-81ee-49fec917b26e] succeeded in 10.012574986998516s: True
[2021-09-13 14:19:16,858: INFO/MainProcess] Connected to redis://redis:6379/0
[2021-09-13 14:19:16,871: INFO/MainProcess] mingle: searching for neighbors
[2021-09-13 14:19:17,890: INFO/MainProcess] mingle: all alone
[2021-09-13 14:19:17,900: WARNING/MainProcess] /usr/local/lib/python3.9/site-packages/celery/fixups/django.py:205: UserWarning: Using settings.DEBUG leads to a memory
            leak, never use this setting in production environments!
  warnings.warn('''Using settings.DEBUG leads to a memory
[2021-09-13 14:19:17,900: INFO/MainProcess] celery@22ee120f1e97 ready.
[2021-09-13 14:19:21,748: INFO/MainProcess] Events of group {task} enabled by remote.
[2021-09-13 14:24:25,012: INFO/MainProcess] Connected to redis://redis:6379/0
[2021-09-13 14:24:25,025: INFO/MainProcess] mingle: searching for neighbors
[2021-09-13 14:24:26,043: INFO/MainProcess] mingle: all alone
[2021-09-13 14:24:26,053: WARNING/MainProcess] /usr/local/lib/python3.9/site-packages/celery/fixups/django.py:205: UserWarning: Using settings.DEBUG leads to a memory
            leak, never use this setting in production environments!
  warnings.warn('''Using settings.DEBUG leads to a memory
[2021-09-13 14:24:26,053: INFO/MainProcess] celery@8fee926eae0d ready.
[2021-09-13 14:24:30,105: INFO/MainProcess] Events of group {task} enabled by remote.
[2021-09-13 14:28:53,186: INFO/MainProcess] Connected to redis://redis:6379/0
[2021-09-13 14:28:53,199: INFO/MainProcess] mingle: searching for neighbors
[2021-09-13 14:28:54,216: INFO/MainProcess] mingle: all alone
[2021-09-13 14:28:54,227: WARNING/MainProcess] /usr/local/lib/python3.9/site-packages/celery/fixups/django.py:205: UserWarning: Using settings.DEBUG leads to a memory
            leak, never use this setting in production environments!
  warnings.warn('''Using settings.DEBUG leads to a memory
[2021-09-13 14:28:54,227: INFO/MainProcess] celery@a431dd1e0988 ready.
[2021-09-13 14:28:58,318: INFO/MainProcess] Events of group {task} enabled by remote.
[2021-09-13 14:57:13,620: INFO/MainProcess] Received task: tasks.sample_tasks.create_task[b5ba5301-f48f-407a-867e-55a4c0e67a4e]  
[2021-09-13 14:57:23,630: INFO/ForkPoolWorker-7] Task tasks.sample_tasks.create_task[b5ba5301-f48f-407a-867e-55a4c0e67a4e] succeeded in 10.00880351998785s: True
[2021-09-13 14:57:51,674: INFO/MainProcess] Received task: tasks.sample_tasks.create_task[1e5a83a0-2d55-46bd-9e8e-851cf4a09cf6]  
[2021-09-13 14:58:01,687: INFO/ForkPoolWorker-7] Task tasks.sample_tasks.create_task[1e5a83a0-2d55-46bd-9e8e-851cf4a09cf6] succeeded in 10.011211913995794s: True
[2021-09-13 15:21:48,012: INFO/MainProcess] Received task: tasks.sample_tasks.Demo[6d77211b-19f4-4958-baaf-5eda4197bfc1]  
[2021-09-13 15:21:48,015: ERROR/ForkPoolWorker-7] Task tasks.sample_tasks.Demo[6d77211b-19f4-4958-baaf-5eda4197bfc1] raised unexpected: TypeError('Demo() takes 0 positional arguments but 1 was given')
Traceback (most recent call last):
  File "/usr/local/lib/python3.9/site-packages/celery/app/trace.py", line 412, in trace_task
    R = retval = fun(*args, **kwargs)
  File "/usr/local/lib/python3.9/site-packages/celery/app/trace.py", line 704, in __protected_call__
    return self.run(*args, **kwargs)
TypeError: Demo() takes 0 positional arguments but 1 was given
[2021-09-13 15:24:00,931: INFO/MainProcess] Received task: tasks.sample_tasks.Demo[b200e7e3-07b1-4ae7-83ad-a8c229fe4b0b]  
[2021-09-13 15:24:00,934: ERROR/ForkPoolWorker-7] Task tasks.sample_tasks.Demo[b200e7e3-07b1-4ae7-83ad-a8c229fe4b0b] raised unexpected: TypeError('Demo() takes 0 positional arguments but 1 was given')
Traceback (most recent call last):
  File "/usr/local/lib/python3.9/site-packages/celery/app/trace.py", line 412, in trace_task
    R = retval = fun(*args, **kwargs)
  File "/usr/local/lib/python3.9/site-packages/celery/app/trace.py", line 704, in __protected_call__
    return self.run(*args, **kwargs)
TypeError: Demo() takes 0 positional arguments but 1 was given
[2021-09-13 15:26:08,310: INFO/MainProcess] Received task: tasks.sample_tasks.Demo[b35dd6b3-f352-4688-9d01-59ea91a96c14]  
[2021-09-13 15:26:08,313: ERROR/ForkPoolWorker-7] Task tasks.sample_tasks.Demo[b35dd6b3-f352-4688-9d01-59ea91a96c14] raised unexpected: TypeError('Demo() takes 0 positional arguments but 1 was given')
Traceback (most recent call last):
  File "/usr/local/lib/python3.9/site-packages/celery/app/trace.py", line 412, in trace_task
    R = retval = fun(*args, **kwargs)
  File "/usr/local/lib/python3.9/site-packages/celery/app/trace.py", line 704, in __protected_call__
    return self.run(*args, **kwargs)
TypeError: Demo() takes 0 positional arguments but 1 was given
[2021-09-13 15:37:14,156: INFO/MainProcess] Received task: tasks.sample_tasks.Demo[379dd054-2488-42b7-bf94-e431eb36d27e]  
[2021-09-13 15:37:14,159: ERROR/ForkPoolWorker-7] Task tasks.sample_tasks.Demo[379dd054-2488-42b7-bf94-e431eb36d27e] raised unexpected: TypeError('Demo() takes 0 positional arguments but 1 was given')
Traceback (most recent call last):
  File "/usr/local/lib/python3.9/site-packages/celery/app/trace.py", line 412, in trace_task
    R = retval = fun(*args, **kwargs)
  File "/usr/local/lib/python3.9/site-packages/celery/app/trace.py", line 704, in __protected_call__
    return self.run(*args, **kwargs)
TypeError: Demo() takes 0 positional arguments but 1 was given
[2021-09-13 15:39:04,747: INFO/MainProcess] Connected to redis://redis:6379/0
[2021-09-13 15:39:04,754: INFO/MainProcess] mingle: searching for neighbors
[2021-09-13 15:39:05,771: INFO/MainProcess] mingle: all alone
[2021-09-13 15:39:05,782: WARNING/MainProcess] /usr/local/lib/python3.9/site-packages/celery/fixups/django.py:205: UserWarning: Using settings.DEBUG leads to a memory
            leak, never use this setting in production environments!
  warnings.warn('''Using settings.DEBUG leads to a memory
[2021-09-13 15:39:05,782: INFO/MainProcess] celery@b2fdfef76f9c ready.
[2021-09-13 15:39:09,729: INFO/MainProcess] Events of group {task} enabled by remote.
[2021-09-13 15:39:13,347: INFO/MainProcess] Received task: tasks.sample_tasks.Demo[98abcb4a-ef29-4c7c-8ed9-784462cb43f1]  
[2021-09-13 15:39:13,350: WARNING/ForkPoolWorker-7] demo kicked
[2021-09-13 15:39:23,376: WARNING/ForkPoolWorker-7] task finished
[2021-09-13 15:39:23,379: INFO/ForkPoolWorker-7] Task tasks.sample_tasks.Demo[98abcb4a-ef29-4c7c-8ed9-784462cb43f1] succeeded in 10.029428768000798s: True
[2021-09-13 15:39:58,097: INFO/MainProcess] Received task: tasks.sample_tasks.Demo[e84f6dca-5467-43f6-9554-7b3bf432aaf1]  
[2021-09-13 15:39:58,099: WARNING/ForkPoolWorker-7] demo kicked
[2021-09-13 15:40:08,120: WARNING/ForkPoolWorker-7] task finished
[2021-09-13 15:40:08,121: INFO/ForkPoolWorker-7] Task tasks.sample_tasks.Demo[e84f6dca-5467-43f6-9554-7b3bf432aaf1] succeeded in 10.022240935009904s: True
[2021-09-13 15:40:25,344: INFO/MainProcess] Received task: tasks.sample_tasks.Demo[e4003de6-6037-47c9-99b3-226dc603cecf]  
[2021-09-13 15:40:25,346: WARNING/ForkPoolWorker-7] demo kicked
[2021-09-13 15:40:35,364: WARNING/ForkPoolWorker-7] task finished
[2021-09-13 15:40:35,365: INFO/ForkPoolWorker-7] Task tasks.sample_tasks.Demo[e4003de6-6037-47c9-99b3-226dc603cecf] succeeded in 10.018653010993148s: True
[2021-09-13 23:41:45,050: INFO/MainProcess] Connected to redis://redis:6379/0
[2021-09-13 23:41:45,058: INFO/MainProcess] mingle: searching for neighbors
[2021-09-13 23:41:46,075: INFO/MainProcess] mingle: all alone
[2021-09-13 23:41:46,086: WARNING/MainProcess] /usr/local/lib/python3.9/site-packages/celery/fixups/django.py:205: UserWarning: Using settings.DEBUG leads to a memory
            leak, never use this setting in production environments!
  warnings.warn('''Using settings.DEBUG leads to a memory
[2021-09-13 23:41:46,086: INFO/MainProcess] celery@f0e50d08eabe ready.
[2021-09-13 23:41:49,932: INFO/MainProcess] Events of group {task} enabled by remote.
[2021-09-14 00:56:32,076: INFO/MainProcess] Connected to redis://redis:6379/0
[2021-09-14 00:56:32,087: INFO/MainProcess] mingle: searching for neighbors
[2021-09-14 00:56:33,108: INFO/MainProcess] mingle: all alone
[2021-09-14 00:56:33,121: WARNING/MainProcess] /usr/local/lib/python3.9/site-packages/celery/fixups/django.py:205: UserWarning: Using settings.DEBUG leads to a memory
            leak, never use this setting in production environments!
  warnings.warn('''Using settings.DEBUG leads to a memory
[2021-09-14 00:56:33,121: INFO/MainProcess] celery@2139bc386732 ready.
[2021-09-14 00:56:37,127: INFO/MainProcess] Events of group {task} enabled by remote.
[2021-09-14 03:19:20,753: INFO/MainProcess] Received task: tasks.sample_tasks.Demo[1fbe8bc7-548d-45f0-95a4-4dfa10babf07]  
[2021-09-14 03:19:20,756: WARNING/ForkPoolWorker-7] demo kicked
[2021-09-14 03:19:30,782: WARNING/ForkPoolWorker-7] task finished
[2021-09-14 03:19:30,784: INFO/ForkPoolWorker-7] Task tasks.sample_tasks.Demo[1fbe8bc7-548d-45f0-95a4-4dfa10babf07] succeeded in 10.028143885007012s: True
[2021-09-14 03:20:50,243: INFO/MainProcess] Received task: tasks.sample_tasks.Demo[3f78bb0c-24e7-415b-9823-91e6e6ec4c62]  
[2021-09-14 03:20:50,245: WARNING/ForkPoolWorker-7] demo kicked
[2021-09-14 03:21:00,269: WARNING/ForkPoolWorker-7] task finished
[2021-09-14 03:21:00,270: INFO/ForkPoolWorker-7] Task tasks.sample_tasks.Demo[3f78bb0c-24e7-415b-9823-91e6e6ec4c62] succeeded in 10.024279928999022s: True
[2021-09-14 03:23:31,756: INFO/MainProcess] Connected to redis://redis:6379/0
[2021-09-14 03:23:31,767: INFO/MainProcess] mingle: searching for neighbors
[2021-09-14 03:23:32,788: INFO/MainProcess] mingle: all alone
[2021-09-14 03:23:32,798: WARNING/MainProcess] /usr/local/lib/python3.9/site-packages/celery/fixups/django.py:205: UserWarning: Using settings.DEBUG leads to a memory
            leak, never use this setting in production environments!
  warnings.warn('''Using settings.DEBUG leads to a memory
[2021-09-14 03:23:32,798: INFO/MainProcess] celery@d0eb9a6ee545 ready.
[2021-09-14 03:23:36,893: INFO/MainProcess] Events of group {task} enabled by remote.
[2021-09-14 03:24:02,442: INFO/MainProcess] Received task: tasks.sample_tasks.Demo[2586e30e-3155-4cfb-aaa3-e7e172f16c61]  
[2021-09-14 03:24:02,444: WARNING/ForkPoolWorker-7] demo kicked
[2021-09-14 03:24:12,475: WARNING/ForkPoolWorker-7] task finished
[2021-09-14 03:24:12,477: INFO/ForkPoolWorker-7] Task tasks.sample_tasks.Demo[2586e30e-3155-4cfb-aaa3-e7e172f16c61] succeeded in 10.03329694599961s: True
[2021-09-14 03:25:46,103: INFO/MainProcess] Received task: tasks.sample_tasks.Demo[e46e0dea-917e-44a1-bdfe-463337dc5c25]  
[2021-09-14 03:25:46,105: WARNING/ForkPoolWorker-7] demo kicked
[2021-09-14 03:25:56,127: WARNING/ForkPoolWorker-7] task finished
[2021-09-14 03:25:56,128: INFO/ForkPoolWorker-7] Task tasks.sample_tasks.Demo[e46e0dea-917e-44a1-bdfe-463337dc5c25] succeeded in 10.023197704998893s: True
[2021-09-14 03:26:15,759: INFO/MainProcess] Received task: tasks.sample_tasks.Demo[a15e3fb4-d5b3-4746-95e6-15e01b3dfdc5]  
[2021-09-14 03:26:15,761: WARNING/ForkPoolWorker-7] demo kicked
[2021-09-14 03:26:25,783: WARNING/ForkPoolWorker-7] task finished
[2021-09-14 03:26:25,784: INFO/ForkPoolWorker-7] Task tasks.sample_tasks.Demo[a15e3fb4-d5b3-4746-95e6-15e01b3dfdc5] succeeded in 10.022584041988011s: True
[2021-09-14 03:28:27,080: INFO/MainProcess] Received task: tasks.sample_tasks.Demo[3cceebda-34f1-4a0c-b79f-e072d0a4be43]  
[2021-09-14 03:28:27,082: WARNING/ForkPoolWorker-7] demo kicked
[2021-09-14 03:28:37,105: WARNING/ForkPoolWorker-7] task finished
[2021-09-14 03:28:37,106: INFO/ForkPoolWorker-7] Task tasks.sample_tasks.Demo[3cceebda-34f1-4a0c-b79f-e072d0a4be43] succeeded in 10.023807392994058s: True
[2021-09-14 03:33:35,977: INFO/MainProcess] Received task: tasks.sample_tasks.Demo[22753009-834d-439f-8793-0923e2a1ce5a]  
[2021-09-14 03:33:35,979: WARNING/ForkPoolWorker-7] demo kicked
[2021-09-14 03:33:46,000: WARNING/ForkPoolWorker-7] task finished
[2021-09-14 03:33:46,001: INFO/ForkPoolWorker-7] Task tasks.sample_tasks.Demo[22753009-834d-439f-8793-0923e2a1ce5a] succeeded in 10.021923570006038s: True
[2021-09-14 03:35:14,954: INFO/MainProcess] Connected to redis://redis:6379/0
[2021-09-14 03:35:14,966: INFO/MainProcess] mingle: searching for neighbors
[2021-09-14 03:35:15,984: INFO/MainProcess] mingle: all alone
[2021-09-14 03:35:15,993: WARNING/MainProcess] /usr/local/lib/python3.9/site-packages/celery/fixups/django.py:205: UserWarning: Using settings.DEBUG leads to a memory
            leak, never use this setting in production environments!
  warnings.warn('''Using settings.DEBUG leads to a memory
[2021-09-14 03:35:15,993: INFO/MainProcess] celery@5091955268b2 ready.
[2021-09-14 03:35:19,953: INFO/MainProcess] Events of group {task} enabled by remote.
[2021-09-14 03:54:05,057: INFO/MainProcess] Received task: tasks.sample_tasks.Demo[98b98742-28de-497f-80f7-b8d500fff0a8]  
[2021-09-14 03:54:05,059: WARNING/ForkPoolWorker-7] demo kicked
[2021-09-14 03:54:15,085: WARNING/ForkPoolWorker-7] task finished
[2021-09-14 03:54:15,088: INFO/ForkPoolWorker-7] Task tasks.sample_tasks.Demo[98b98742-28de-497f-80f7-b8d500fff0a8] succeeded in 10.02923145800014s: True
[2021-09-14 03:54:52,077: INFO/MainProcess] Received task: tasks.sample_tasks.Demo[2f067edb-5572-4fae-9b1d-64c882876724]  
[2021-09-14 03:54:52,079: WARNING/ForkPoolWorker-7] demo kicked
[2021-09-14 03:55:02,101: WARNING/ForkPoolWorker-7] task finished
[2021-09-14 03:55:02,103: INFO/ForkPoolWorker-7] Task tasks.sample_tasks.Demo[2f067edb-5572-4fae-9b1d-64c882876724] succeeded in 10.02411230400321s: True
[2021-09-14 04:33:04,803: INFO/MainProcess] Received task: tasks.sample_tasks.Demo[1201f8e5-fc47-4e58-9cec-7ebe121a5542]  
[2021-09-14 04:33:04,804: WARNING/ForkPoolWorker-7] demo kicked
[2021-09-14 04:33:14,827: WARNING/ForkPoolWorker-7] task finished
[2021-09-14 04:33:14,828: INFO/ForkPoolWorker-7] Task tasks.sample_tasks.Demo[1201f8e5-fc47-4e58-9cec-7ebe121a5542] succeeded in 10.024205656009144s: True
[2021-09-14 04:43:05,909: INFO/MainProcess] Received task: tasks.sample_tasks.Demo[6f0d6d8e-2abe-4899-a58a-99cc45da4734]  
[2021-09-14 04:43:05,911: WARNING/ForkPoolWorker-7] demo kicked
[2021-09-14 04:43:15,925: WARNING/ForkPoolWorker-7] task finished
[2021-09-14 04:43:15,926: INFO/ForkPoolWorker-7] Task tasks.sample_tasks.Demo[6f0d6d8e-2abe-4899-a58a-99cc45da4734] succeeded in 10.014360539993504s: True
[2021-09-14 05:11:02,767: INFO/MainProcess] Received task: tasks.sample_tasks.Demo[3adeb69d-6ef9-4543-9ab3-0726f7bc822f]  
[2021-09-14 05:11:02,769: WARNING/ForkPoolWorker-7] demo kicked
[2021-09-14 05:11:12,792: WARNING/ForkPoolWorker-7] task finished
[2021-09-14 05:11:12,793: INFO/ForkPoolWorker-7] Task tasks.sample_tasks.Demo[3adeb69d-6ef9-4543-9ab3-0726f7bc822f] succeeded in 10.023444061996997s: True
[2021-09-14 09:29:35,022: INFO/MainProcess] Connected to redis://redis:6379/0
[2021-09-14 09:29:35,034: INFO/MainProcess] mingle: searching for neighbors
[2021-09-14 09:29:36,055: INFO/MainProcess] mingle: all alone
[2021-09-14 09:29:36,065: WARNING/MainProcess] /usr/local/lib/python3.9/site-packages/celery/fixups/django.py:205: UserWarning: Using settings.DEBUG leads to a memory
            leak, never use this setting in production environments!
  warnings.warn('''Using settings.DEBUG leads to a memory
[2021-09-14 09:29:36,065: INFO/MainProcess] celery@20cce90d23a2 ready.
[2021-09-14 09:29:39,851: INFO/MainProcess] Events of group {task} enabled by remote.
[2021-09-16 12:38:50,527: INFO/MainProcess] Connected to redis://redis:6379/0
[2021-09-16 12:38:50,536: INFO/MainProcess] mingle: searching for neighbors
[2021-09-16 12:38:51,555: INFO/MainProcess] mingle: all alone
[2021-09-16 12:38:51,565: WARNING/MainProcess] /usr/local/lib/python3.9/site-packages/celery/fixups/django.py:205: UserWarning: Using settings.DEBUG leads to a memory
            leak, never use this setting in production environments!
  warnings.warn('''Using settings.DEBUG leads to a memory
[2021-09-16 12:38:51,565: INFO/MainProcess] celery@f525805e3f00 ready.
[2021-09-16 12:38:55,590: INFO/MainProcess] Events of group {task} enabled by remote.
[2021-09-16 12:39:08,227: INFO/MainProcess] Received task: tasks.sample_tasks.Demo[a1f3d1c5-8638-4f43-b59b-a4342f3f6b3c]  
[2021-09-16 12:39:08,229: WARNING/ForkPoolWorker-7] demo kicked
[2021-09-16 12:39:19,600: WARNING/ForkPoolWorker-7] write finish
[2021-09-16 12:39:19,600: WARNING/ForkPoolWorker-7] writing
[2021-09-16 12:39:19,607: WARNING/ForkPoolWorker-7] task finished
[2021-09-16 12:39:19,609: INFO/ForkPoolWorker-7] Task tasks.sample_tasks.Demo[a1f3d1c5-8638-4f43-b59b-a4342f3f6b3c] succeeded in 11.38025136399665s: True
[2021-09-16 12:39:23,248: INFO/MainProcess] Received task: tasks.sample_tasks.Demo[d8f15972-c6a6-4a0a-a158-2c409c7609b3]  
[2021-09-16 12:39:23,250: WARNING/ForkPoolWorker-7] demo kicked
[2021-09-16 12:39:34,711: WARNING/ForkPoolWorker-7] write finish
[2021-09-16 12:39:34,712: WARNING/ForkPoolWorker-7] writing
[2021-09-16 12:39:34,715: WARNING/ForkPoolWorker-7] task finished
[2021-09-16 12:39:34,716: INFO/ForkPoolWorker-7] Task tasks.sample_tasks.Demo[d8f15972-c6a6-4a0a-a158-2c409c7609b3] succeeded in 11.466101501020603s: True
[2021-09-16 13:38:53,339: INFO/MainProcess] Received task: tasks.sample_tasks.Demo[278d2e4c-8742-424d-b2c0-ad7e896c1e76]  
[2021-09-16 13:38:53,341: WARNING/ForkPoolWorker-7] demo kicked
[2021-09-16 13:39:04,747: WARNING/ForkPoolWorker-7] write finish
[2021-09-16 13:39:04,747: WARNING/ForkPoolWorker-7] writing
[2021-09-16 13:39:04,755: WARNING/ForkPoolWorker-7] task finished
[2021-09-16 13:39:04,756: INFO/ForkPoolWorker-7] Task tasks.sample_tasks.Demo[278d2e4c-8742-424d-b2c0-ad7e896c1e76] succeeded in 11.415100094978698s: True
[2021-09-16 13:43:27,198: INFO/MainProcess] Connected to redis://redis:6379/0
[2021-09-16 13:43:27,206: INFO/MainProcess] mingle: searching for neighbors
[2021-09-16 13:43:28,225: INFO/MainProcess] mingle: all alone
[2021-09-16 13:43:28,236: WARNING/MainProcess] /usr/local/lib/python3.9/site-packages/celery/fixups/django.py:205: UserWarning: Using settings.DEBUG leads to a memory
            leak, never use this setting in production environments!
  warnings.warn('''Using settings.DEBUG leads to a memory
[2021-09-16 13:43:28,236: INFO/MainProcess] celery@3d82b5fe13e0 ready.
[2021-09-16 13:43:32,147: INFO/MainProcess] Events of group {task} enabled by remote.
[2021-09-16 13:43:33,640: INFO/MainProcess] Received task: tasks.sample_tasks.Demo[2612461a-3575-46fd-873b-69506696ddfd]  
[2021-09-16 13:43:33,643: WARNING/ForkPoolWorker-7] demo kicked
[2021-09-16 13:43:43,665: WARNING/ForkPoolWorker-7] task finished
[2021-09-16 13:43:43,667: INFO/ForkPoolWorker-7] Task tasks.sample_tasks.Demo[2612461a-3575-46fd-873b-69506696ddfd] succeeded in 10.024538130994188s: True
[2021-09-16 23:24:33,119: INFO/MainProcess] Connected to redis://redis:6379/0
[2021-09-16 23:24:33,130: INFO/MainProcess] mingle: searching for neighbors
[2021-09-16 23:24:34,148: INFO/MainProcess] mingle: all alone
[2021-09-16 23:24:34,159: WARNING/MainProcess] /usr/local/lib/python3.9/site-packages/celery/fixups/django.py:205: UserWarning: Using settings.DEBUG leads to a memory
            leak, never use this setting in production environments!
  warnings.warn('''Using settings.DEBUG leads to a memory
[2021-09-16 23:24:34,159: INFO/MainProcess] celery@bd5182ca20d4 ready.
[2021-09-16 23:24:38,101: INFO/MainProcess] Events of group {task} enabled by remote.
[2021-09-16 23:25:52,514: INFO/MainProcess] Received task: tasks.sample_tasks.Demo[e8c6eddd-c113-401d-b4b4-35feeaec5f62]  
[2021-09-16 23:25:52,515: WARNING/ForkPoolWorker-7] demo kicked
[2021-09-16 23:26:02,539: WARNING/ForkPoolWorker-7] task finished
[2021-09-16 23:26:02,541: INFO/ForkPoolWorker-7] Task tasks.sample_tasks.Demo[e8c6eddd-c113-401d-b4b4-35feeaec5f62] succeeded in 10.025504770979751s: True
[2021-09-16 23:34:53,874: INFO/MainProcess] Received task: tasks.sample_tasks.Demo[6f20c20d-e0e8-4baf-ab8e-9b7e0ad8e8f9]  
[2021-09-16 23:34:53,876: WARNING/ForkPoolWorker-7] demo kicked
[2021-09-16 23:35:03,897: WARNING/ForkPoolWorker-7] task finished
[2021-09-16 23:35:03,898: INFO/ForkPoolWorker-7] Task tasks.sample_tasks.Demo[6f20c20d-e0e8-4baf-ab8e-9b7e0ad8e8f9] succeeded in 10.022618885996053s: True
[2021-09-16 23:35:22,908: INFO/MainProcess] Received task: tasks.sample_tasks.Demo[6c9795db-b072-486c-98bd-dba908872130]  
[2021-09-16 23:35:22,910: WARNING/ForkPoolWorker-7] demo kicked
[2021-09-16 23:35:32,931: WARNING/ForkPoolWorker-7] task finished
[2021-09-16 23:35:32,932: INFO/ForkPoolWorker-7] Task tasks.sample_tasks.Demo[6c9795db-b072-486c-98bd-dba908872130] succeeded in 10.022511596005643s: True
[2021-09-21 13:50:52,063: INFO/MainProcess] Connected to redis://redis:6379/0
[2021-09-21 13:50:52,070: INFO/MainProcess] mingle: searching for neighbors
[2021-09-21 13:50:53,087: INFO/MainProcess] mingle: all alone
[2021-09-21 13:50:53,100: WARNING/MainProcess] /usr/local/lib/python3.9/site-packages/celery/fixups/django.py:205: UserWarning: Using settings.DEBUG leads to a memory
            leak, never use this setting in production environments!
  warnings.warn('''Using settings.DEBUG leads to a memory
[2021-09-21 13:50:53,100: INFO/MainProcess] celery@de0196385ac9 ready.
[2021-09-21 13:50:56,990: INFO/MainProcess] Events of group {task} enabled by remote.
[2021-09-21 14:01:45,760: INFO/MainProcess] Received task: tasks.sample_tasks.Demo[91b3b760-4dab-4149-92cc-45c045d62a64]  
[2021-09-21 14:01:45,763: WARNING/ForkPoolWorker-7] demo kicked
[2021-09-21 14:01:55,789: WARNING/ForkPoolWorker-7] task finished
[2021-09-21 14:01:55,791: INFO/ForkPoolWorker-7] Task tasks.sample_tasks.Demo[91b3b760-4dab-4149-92cc-45c045d62a64] succeeded in 10.028322987956926s: True
[2021-09-21 14:02:38,587: INFO/MainProcess] Connected to redis://redis:6379/0
[2021-09-21 14:02:38,594: INFO/MainProcess] mingle: searching for neighbors
[2021-09-21 14:02:39,612: INFO/MainProcess] mingle: all alone
[2021-09-21 14:02:39,623: WARNING/MainProcess] /usr/local/lib/python3.9/site-packages/celery/fixups/django.py:205: UserWarning: Using settings.DEBUG leads to a memory
            leak, never use this setting in production environments!
  warnings.warn('''Using settings.DEBUG leads to a memory
[2021-09-21 14:02:39,623: INFO/MainProcess] celery@09aef96a7d8f ready.
[2021-09-21 14:02:43,720: INFO/MainProcess] Events of group {task} enabled by remote.
[2021-09-21 14:02:51,561: INFO/MainProcess] Received task: tasks.sample_tasks.Demo[95cbef13-717a-4878-89e8-c8e36d9cb245]  
[2021-09-21 14:02:51,564: WARNING/ForkPoolWorker-7] demo kicked
[2021-09-21 14:03:01,592: WARNING/ForkPoolWorker-7] task finished
[2021-09-21 14:03:01,594: INFO/ForkPoolWorker-7] Task tasks.sample_tasks.Demo[95cbef13-717a-4878-89e8-c8e36d9cb245] succeeded in 10.030223516980186s: True
[2021-09-21 14:06:28,069: INFO/MainProcess] Received task: tasks.sample_tasks.Demo[2c75315e-30f7-482b-85f3-1d7d5dededa2]  
[2021-09-21 14:06:28,072: WARNING/ForkPoolWorker-7] demo kicked
[2021-09-21 14:06:32,482: INFO/MainProcess] Received task: tasks.sample_tasks.Demo[cac28e62-fde8-4fbd-83ad-4c91bd799676]  
[2021-09-21 14:06:32,485: WARNING/ForkPoolWorker-8] demo kicked
[2021-09-21 14:06:35,541: INFO/MainProcess] Received task: tasks.sample_tasks.Demo[bb40cc04-40f5-47c7-9132-9a940c90d369]  
[2021-09-21 14:06:35,543: WARNING/ForkPoolWorker-1] demo kicked
[2021-09-21 14:06:38,096: WARNING/ForkPoolWorker-7] task finished
[2021-09-21 14:06:38,096: INFO/ForkPoolWorker-7] Task tasks.sample_tasks.Demo[2c75315e-30f7-482b-85f3-1d7d5dededa2] succeeded in 10.024889740976505s: True
[2021-09-21 14:06:42,508: WARNING/ForkPoolWorker-8] task finished
[2021-09-21 14:06:42,510: INFO/ForkPoolWorker-8] Task tasks.sample_tasks.Demo[cac28e62-fde8-4fbd-83ad-4c91bd799676] succeeded in 10.025839032023214s: True
[2021-09-21 14:06:45,569: WARNING/ForkPoolWorker-1] task finished
[2021-09-21 14:06:45,570: INFO/ForkPoolWorker-1] Task tasks.sample_tasks.Demo[bb40cc04-40f5-47c7-9132-9a940c90d369] succeeded in 10.027788281964604s: True
[2021-09-21 14:07:32,087: INFO/MainProcess] Received task: tasks.sample_tasks.Demo[fc02d4a8-7a0a-402d-9c73-ae0f39727dfb]  
[2021-09-21 14:07:32,089: WARNING/ForkPoolWorker-7] demo kicked
[2021-09-21 14:07:42,111: WARNING/ForkPoolWorker-7] task finished
[2021-09-21 14:07:42,112: INFO/ForkPoolWorker-7] Task tasks.sample_tasks.Demo[fc02d4a8-7a0a-402d-9c73-ae0f39727dfb] succeeded in 10.02271471399581s: True
[2021-09-21 14:09:37,202: INFO/MainProcess] Received task: tasks.sample_tasks.Demo[c7079c8a-ae62-4f05-a19d-6917b9449e7c]  
[2021-09-21 14:09:37,204: WARNING/ForkPoolWorker-7] demo kicked
[2021-09-21 14:09:40,002: INFO/MainProcess] Received task: tasks.sample_tasks.Demo[24658765-c216-4097-aca8-c118d12a2cce]  
[2021-09-21 14:09:40,004: WARNING/ForkPoolWorker-8] demo kicked
[2021-09-21 14:09:44,708: INFO/MainProcess] Received task: tasks.sample_tasks.Demo[278ea394-01fb-4377-b8ea-344dd3f73427]  
[2021-09-21 14:09:44,710: WARNING/ForkPoolWorker-1] demo kicked
[2021-09-21 14:09:47,228: WARNING/ForkPoolWorker-7] task finished
[2021-09-21 14:09:47,229: INFO/ForkPoolWorker-7] Task tasks.sample_tasks.Demo[c7079c8a-ae62-4f05-a19d-6917b9449e7c] succeeded in 10.025358332961332s: True
[2021-09-21 14:09:50,022: WARNING/ForkPoolWorker-8] task finished
[2021-09-21 14:09:50,023: INFO/ForkPoolWorker-8] Task tasks.sample_tasks.Demo[24658765-c216-4097-aca8-c118d12a2cce] succeeded in 10.019341211009305s: True
[2021-09-21 14:09:54,737: WARNING/ForkPoolWorker-1] task finished
[2021-09-21 14:09:54,738: INFO/ForkPoolWorker-1] Task tasks.sample_tasks.Demo[278ea394-01fb-4377-b8ea-344dd3f73427] succeeded in 10.02820880501531s: True
[2021-09-21 14:10:41,660: INFO/MainProcess] Received task: tasks.sample_tasks.Demo[ce6f2852-f654-44a3-b76e-979b578d4e19]  
[2021-09-21 14:10:41,662: WARNING/ForkPoolWorker-7] demo kicked
[2021-09-21 14:10:46,970: INFO/MainProcess] Received task: tasks.sample_tasks.Demo[1d3b4602-4827-4178-952a-a058e77b0c82]  
[2021-09-21 14:10:46,971: WARNING/ForkPoolWorker-8] demo kicked
[2021-09-21 14:10:50,170: INFO/MainProcess] Received task: tasks.sample_tasks.Demo[1484edd5-3fc9-448a-b1f3-3d9bae5f36a1]  
[2021-09-21 14:10:50,172: WARNING/ForkPoolWorker-1] demo kicked
[2021-09-21 14:10:51,683: WARNING/ForkPoolWorker-7] task finished
[2021-09-21 14:10:51,684: INFO/ForkPoolWorker-7] Task tasks.sample_tasks.Demo[ce6f2852-f654-44a3-b76e-979b578d4e19] succeeded in 10.022102221962996s: True
[2021-09-21 14:10:56,996: WARNING/ForkPoolWorker-8] task finished
[2021-09-21 14:10:56,996: INFO/ForkPoolWorker-8] Task tasks.sample_tasks.Demo[1d3b4602-4827-4178-952a-a058e77b0c82] succeeded in 10.025162998004816s: True
[2021-09-21 14:11:00,196: WARNING/ForkPoolWorker-1] task finished
[2021-09-21 14:11:00,197: INFO/ForkPoolWorker-1] Task tasks.sample_tasks.Demo[1484edd5-3fc9-448a-b1f3-3d9bae5f36a1] succeeded in 10.024655495013576s: True
[2021-09-21 14:15:37,779: INFO/MainProcess] Connected to redis://redis:6379/0
[2021-09-21 14:15:37,787: INFO/MainProcess] mingle: searching for neighbors
[2021-09-21 14:15:38,807: INFO/MainProcess] mingle: all alone
[2021-09-21 14:15:38,817: WARNING/MainProcess] /usr/local/lib/python3.9/site-packages/celery/fixups/django.py:205: UserWarning: Using settings.DEBUG leads to a memory
            leak, never use this setting in production environments!
  warnings.warn('''Using settings.DEBUG leads to a memory
[2021-09-21 14:15:38,817: INFO/MainProcess] celery@706f0c241cab ready.
[2021-09-21 14:15:42,902: INFO/MainProcess] Events of group {task} enabled by remote.
[2021-09-21 14:15:56,007: INFO/MainProcess] Received task: tasks.sample_tasks.Demo[c7515ce4-700c-4633-b2bc-ccc8a9f61fef]  
[2021-09-21 14:15:56,009: WARNING/ForkPoolWorker-7] demo kicked
[2021-09-21 14:15:59,556: INFO/MainProcess] Received task: tasks.sample_tasks.Demo[d340ffa7-23a8-4b57-b97e-648ae5101a13]  
[2021-09-21 14:15:59,558: WARNING/ForkPoolWorker-8] demo kicked
[2021-09-21 14:16:02,761: INFO/MainProcess] Received task: tasks.sample_tasks.Demo[755db477-5b5c-40bd-b9d3-26a90e463b69]  
[2021-09-21 14:16:02,764: WARNING/ForkPoolWorker-1] demo kicked
[2021-09-21 14:16:06,039: WARNING/ForkPoolWorker-7] task finished
[2021-09-21 14:16:06,041: INFO/ForkPoolWorker-7] Task tasks.sample_tasks.Demo[c7515ce4-700c-4633-b2bc-ccc8a9f61fef] succeeded in 10.032486676005647s: True
[2021-09-21 14:16:09,585: WARNING/ForkPoolWorker-8] task finished
[2021-09-21 14:16:09,587: INFO/ForkPoolWorker-8] Task tasks.sample_tasks.Demo[d340ffa7-23a8-4b57-b97e-648ae5101a13] succeeded in 10.029432193026878s: True
[2021-09-21 14:16:12,792: WARNING/ForkPoolWorker-1] task finished
[2021-09-21 14:16:12,795: INFO/ForkPoolWorker-1] Task tasks.sample_tasks.Demo[755db477-5b5c-40bd-b9d3-26a90e463b69] succeeded in 10.03172721696319s: True
[2021-09-21 14:16:51,973: INFO/MainProcess] Connected to redis://redis:6379/0
[2021-09-21 14:16:51,981: INFO/MainProcess] mingle: searching for neighbors
[2021-09-21 14:16:52,998: INFO/MainProcess] mingle: all alone
[2021-09-21 14:16:53,009: WARNING/MainProcess] /usr/local/lib/python3.9/site-packages/celery/fixups/django.py:205: UserWarning: Using settings.DEBUG leads to a memory
            leak, never use this setting in production environments!
  warnings.warn('''Using settings.DEBUG leads to a memory
[2021-09-21 14:16:53,009: INFO/MainProcess] celery@287f7ddefefb ready.
[2021-09-21 14:16:57,054: INFO/MainProcess] Events of group {task} enabled by remote.
[2021-09-21 14:17:03,409: INFO/MainProcess] Received task: tasks.sample_tasks.Demo[aed9227a-f8e5-4f36-a58c-da9b0740e9a6]  
[2021-09-21 14:17:03,411: WARNING/ForkPoolWorker-7] demo kicked
[2021-09-21 14:17:13,440: WARNING/ForkPoolWorker-7] task finished
[2021-09-21 14:17:13,442: INFO/ForkPoolWorker-7] Task tasks.sample_tasks.Demo[aed9227a-f8e5-4f36-a58c-da9b0740e9a6] succeeded in 10.030861033999827s: True
[2021-09-21 14:19:41,460: INFO/MainProcess] Connected to redis://redis:6379/0
[2021-09-21 14:19:41,472: INFO/MainProcess] mingle: searching for neighbors
[2021-09-21 14:19:42,494: INFO/MainProcess] mingle: all alone
[2021-09-21 14:19:42,506: WARNING/MainProcess] /usr/local/lib/python3.9/site-packages/celery/fixups/django.py:205: UserWarning: Using settings.DEBUG leads to a memory
            leak, never use this setting in production environments!
  warnings.warn('''Using settings.DEBUG leads to a memory
[2021-09-21 14:19:42,506: INFO/MainProcess] celery@8fb69ec47bd0 ready.
[2021-09-21 14:19:46,523: INFO/MainProcess] Events of group {task} enabled by remote.
[2021-09-21 14:19:46,762: INFO/MainProcess] Received task: tasks.sample_tasks.Demo[52ceb9ed-e22b-4474-8467-ca6155b53692]  
[2021-09-21 14:19:46,764: WARNING/ForkPoolWorker-7] demo kicked
[2021-09-21 14:19:56,792: WARNING/ForkPoolWorker-7] task finished
[2021-09-21 14:19:56,794: INFO/ForkPoolWorker-7] Task tasks.sample_tasks.Demo[52ceb9ed-e22b-4474-8467-ca6155b53692] succeeded in 10.030018492951058s: True
[2021-09-21 14:22:41,795: INFO/MainProcess] Received task: tasks.sample_tasks.Demo[add96979-5dea-482a-ba0d-d5d11951b560]  
[2021-09-21 14:22:41,797: WARNING/ForkPoolWorker-7] demo kicked
[2021-09-21 14:22:45,459: INFO/MainProcess] Received task: tasks.sample_tasks.Demo[da39aa04-f45f-49e2-8887-87aea1071779]  
[2021-09-21 14:22:45,461: WARNING/ForkPoolWorker-8] demo kicked
[2021-09-21 14:22:48,596: INFO/MainProcess] Received task: tasks.sample_tasks.Demo[97927863-d0e9-47d4-adc8-b3d618ddebce]  
[2021-09-21 14:22:48,599: WARNING/ForkPoolWorker-1] demo kicked
[2021-09-21 14:22:51,820: WARNING/ForkPoolWorker-7] task finished
[2021-09-21 14:22:51,821: INFO/ForkPoolWorker-7] Task tasks.sample_tasks.Demo[add96979-5dea-482a-ba0d-d5d11951b560] succeeded in 10.024574026989285s: True
[2021-09-21 14:22:55,490: WARNING/ForkPoolWorker-8] task finished
[2021-09-21 14:22:55,492: INFO/ForkPoolWorker-8] Task tasks.sample_tasks.Demo[da39aa04-f45f-49e2-8887-87aea1071779] succeeded in 10.031138753984123s: True
[2021-09-21 14:22:58,628: WARNING/ForkPoolWorker-1] task finished
[2021-09-21 14:22:58,630: INFO/ForkPoolWorker-1] Task tasks.sample_tasks.Demo[97927863-d0e9-47d4-adc8-b3d618ddebce] succeeded in 10.030949473031797s: True
[2021-10-05 14:14:55,510: INFO/MainProcess] Connected to redis://redis:6379/0
[2021-10-05 14:14:55,521: INFO/MainProcess] mingle: searching for neighbors
[2021-10-05 14:14:56,545: INFO/MainProcess] mingle: all alone
[2021-10-05 14:14:56,556: WARNING/MainProcess] /usr/local/lib/python3.9/site-packages/celery/fixups/django.py:205: UserWarning: Using settings.DEBUG leads to a memory
            leak, never use this setting in production environments!
  warnings.warn('''Using settings.DEBUG leads to a memory
[2021-10-05 14:14:56,556: INFO/MainProcess] celery@866e8728e2ce ready.
[2021-10-05 14:15:00,385: INFO/MainProcess] Events of group {task} enabled by remote.
[2021-10-06 09:41:05,307: INFO/MainProcess] Connected to redis://redis:6379/0
[2021-10-06 09:41:05,316: INFO/MainProcess] mingle: searching for neighbors
[2021-10-06 09:41:06,341: INFO/MainProcess] mingle: all alone
[2021-10-06 09:41:06,352: WARNING/MainProcess] /usr/local/lib/python3.9/site-packages/celery/fixups/django.py:205: UserWarning: Using settings.DEBUG leads to a memory
            leak, never use this setting in production environments!
  warnings.warn('''Using settings.DEBUG leads to a memory
[2021-10-06 09:41:06,353: INFO/MainProcess] celery@085c3318ca99 ready.
[2021-10-06 09:41:10,205: INFO/MainProcess] Events of group {task} enabled by remote.
[2021-10-06 09:41:25,752: INFO/MainProcess] Received task: tasks.sample_tasks.Demo[06778b9d-1a72-4764-b4c3-d96afe8a601e]  
[2021-10-06 09:41:25,753: WARNING/ForkPoolWorker-7] demo kicked
[2021-10-06 09:41:35,779: WARNING/ForkPoolWorker-7] task finished
[2021-10-06 09:41:35,781: INFO/ForkPoolWorker-7] Task tasks.sample_tasks.Demo[06778b9d-1a72-4764-b4c3-d96afe8a601e] succeeded in 10.02793572799419s: True
