<WSGIRequest: GET '/tasks/b32df2fc-7b8f-42c1-9a66-9348c9d6cd0c/'>
<WSGIRequest: GET '/tasks/re/'>
<WSGIRequest: GET '/tasks/re/'>
<WSGIRequest: GET '/tasks/b32df2fc-7b8f-42c1-9a66-9348c9d6cd0c/'>
<WSGIRequest: GET '/tasks/re/'>
<WSGIRequest: GET '/tasks/re/'>
<WSGIRequest: GET '/tasks/re/'>
<WSGIRequest: GET '/tasks/re/'>
<WSGIRequest: GET '/tasks/104017f5-8353-49ba-a30f-8dd0b7c6cb8f/'>
<WSGIRequest: GET '/tasks/619e246c-cb51-402b-935a-e15323f847dc/'>
<WSGIRequest: GET '/tasks/02c8da3d-d132-4a92-bf9f-a8079f8d5897/'>
<WSGIRequest: GET '/tasks/9f89096e-8e78-4166-8372-0f08e645b43d/'>
<WSGIRequest: GET '/tasks/104017f5-8353-49ba-a30f-8dd0b7c6cb8f/'>
<WSGIRequest: GET '/tasks/619e246c-cb51-402b-935a-e15323f847dc/'>
<WSGIRequest: GET '/tasks/02c8da3d-d132-4a92-bf9f-a8079f8d5897/'>
<WSGIRequest: GET '/tasks/9f89096e-8e78-4166-8372-0f08e645b43d/'>
<WSGIRequest: GET '/tasks/9f89096e-8e78-4166-8372-0f08e645b43d/'>
Log whatever you want
<WSGIRequest: GET '/tasks/f5e7f9bb-f70e-45c4-9146-b71a028aae1e/'>
<WSGIRequest: GET '/tasks/e1f15cdf-4809-4b68-895b-ec05bdd225f6/'>
<WSGIRequest: GET '/tasks/108b3e06-bc9a-4e42-ab5c-2b630198a1fc/'>
<WSGIRequest: GET '/tasks/f5e7f9bb-f70e-45c4-9146-b71a028aae1e/'>
<WSGIRequest: GET '/tasks/e1f15cdf-4809-4b68-895b-ec05bdd225f6/'>
<WSGIRequest: GET '/tasks/108b3e06-bc9a-4e42-ab5c-2b630198a1fc/'>
<WSGIRequest: GET '/tasks/8dcc3ade-b220-4aea-ba72-bce2adab4d80/'>
<WSGIRequest: GET '/tasks/ece4ccf7-78d6-4989-b66a-6bcdb816c977/'>
<WSGIRequest: GET '/tasks/8dcc3ade-b220-4aea-ba72-bce2adab4d80/'>
<WSGIRequest: GET '/tasks/ece4ccf7-78d6-4989-b66a-6bcdb816c977/'>
<WSGIRequest: GET '/tasks/9621c8b9-de87-4a4f-9a24-4c83e2b18f35/'>
<WSGIRequest: GET '/tasks/9621c8b9-de87-4a4f-9a24-4c83e2b18f35/'>
<WSGIRequest: GET '/tasks/14fbd309-2bf9-4d7f-aea8-30ec9db6f1a3/'>
<WSGIRequest: GET '/tasks/a3e3fdcb-2f30-48e8-bbb7-307e26f2eeee/'>
<WSGIRequest: GET '/tasks/14fbd309-2bf9-4d7f-aea8-30ec9db6f1a3/'>
<WSGIRequest: GET '/tasks/a3e3fdcb-2f30-48e8-bbb7-307e26f2eeee/'>
<WSGIRequest: GET '/tasks/3ee3e272-4db8-439f-b8d7-0f61c7269a0b/'>
<WSGIRequest: GET '/tasks/df472d3b-6d0c-4353-bf0d-a9d60bce4f07/'>
<WSGIRequest: GET '/tasks/deafac7a-56fd-45ef-94d3-1c63c9469695/'>
<WSGIRequest: GET '/tasks/3ee3e272-4db8-439f-b8d7-0f61c7269a0b/'>
<WSGIRequest: GET '/tasks/df472d3b-6d0c-4353-bf0d-a9d60bce4f07/'>
<WSGIRequest: GET '/tasks/deafac7a-56fd-45ef-94d3-1c63c9469695/'>
<WSGIRequest: GET '/tasks/b5f289dd-9a28-446d-aed8-c6ed8d17be16/'>
<WSGIRequest: GET '/tasks/4472275e-c9f8-483b-b4d1-901db7a6f537/'>
<WSGIRequest: GET '/tasks/9fd1ede0-79f4-446b-9274-8f600b1313a0/'>
<WSGIRequest: GET '/tasks/2d3e3856-522e-4e87-92d6-67c553e43b24/'>
<WSGIRequest: GET '/tasks/aef7107f-06a6-49bf-9268-d96ea32abe7f/'>
<WSGIRequest: GET '/tasks/fcc66dc7-0714-4354-bd42-c0ea0fcd9592/'>
<WSGIRequest: GET '/tasks/58b30ea1-a32c-4fac-a2eb-5a147e6fb79c/'>
<WSGIRequest: GET '/tasks/c2dd9425-6927-4ebc-94d1-6478330601a2/'>
<WSGIRequest: GET '/tasks/b5f289dd-9a28-446d-aed8-c6ed8d17be16/'>
<WSGIRequest: GET '/tasks/4472275e-c9f8-483b-b4d1-901db7a6f537/'>
<WSGIRequest: GET '/tasks/9fd1ede0-79f4-446b-9274-8f600b1313a0/'>
<WSGIRequest: GET '/tasks/2d3e3856-522e-4e87-92d6-67c553e43b24/'>
<WSGIRequest: GET '/tasks/aef7107f-06a6-49bf-9268-d96ea32abe7f/'>
<WSGIRequest: GET '/tasks/fcc66dc7-0714-4354-bd42-c0ea0fcd9592/'>
<WSGIRequest: GET '/tasks/58b30ea1-a32c-4fac-a2eb-5a147e6fb79c/'>
<WSGIRequest: GET '/tasks/c2dd9425-6927-4ebc-94d1-6478330601a2/'>
<WSGIRequest: GET '/tasks/c2dd9425-6927-4ebc-94d1-6478330601a2/'>
<WSGIRequest: GET '/tasks/a3071d20-ce25-467f-b84c-47b31d14c5d9/'>
<WSGIRequest: GET '/tasks/439e73bc-c8a1-422a-9e62-fdb2a4291a3f/'>
<WSGIRequest: GET '/tasks/19057c6c-421b-4523-99c4-6ba6d949164d/'>
<WSGIRequest: GET '/tasks/eb5c3b59-8c2a-4a00-81f6-6b592f2fdf55/'>
<WSGIRequest: GET '/tasks/e394bbaf-1954-44b0-9486-0d27dcfd49e0/'>
<WSGIRequest: GET '/tasks/a3071d20-ce25-467f-b84c-47b31d14c5d9/'>
<WSGIRequest: GET '/tasks/439e73bc-c8a1-422a-9e62-fdb2a4291a3f/'>
<WSGIRequest: GET '/tasks/19057c6c-421b-4523-99c4-6ba6d949164d/'>
<WSGIRequest: GET '/tasks/eb5c3b59-8c2a-4a00-81f6-6b592f2fdf55/'>
<WSGIRequest: GET '/tasks/e394bbaf-1954-44b0-9486-0d27dcfd49e0/'>
<WSGIRequest: GET '/tasks/400e77dc-2a2d-4c79-a182-27a5d4fc5738/'>
<WSGIRequest: GET '/tasks/400e77dc-2a2d-4c79-a182-27a5d4fc5738/'>
<WSGIRequest: GET '/tasks/8b1e95fa-7ce1-42bf-81ee-49fec917b26e/'>
<WSGIRequest: GET '/tasks/8b1e95fa-7ce1-42bf-81ee-49fec917b26e/'>
{'TexpressPattern': 'lux', 'LLL': ['diabetes', 'test'], 'QUERY': 'CNS'}
<WSGIRequest: GET '/tasks/b5ba5301-f48f-407a-867e-55a4c0e67a4e/'>
<WSGIRequest: GET '/tasks/b5ba5301-f48f-407a-867e-55a4c0e67a4e/'>
<WSGIRequest: GET '/tasks/1e5a83a0-2d55-46bd-9e8e-851cf4a09cf6/'>
<WSGIRequest: GET '/tasks/1e5a83a0-2d55-46bd-9e8e-851cf4a09cf6/'>
{'TexpressPattern': 'lux', 'LLL': ['diabetes', 'test'], 'QUERY': 'CNS'}
{'TexpressPattern': 'a', 'LLL': ['hue', 'test'], 'QUERY': 'HIV'}
{'TexpressPattern': 'lux', 'LLL': ['diabetes', 'test'], 'QUERY': 'CNS'}
{'TexpressPattern': 'lux', 'LLL': ['diabetes', 'test'], 'QUERY': 'CNS'}
{'TexpressPattern': 'lux', 'LLL': ['diabetes', 'test'], 'QUERY': 'CNS'}
{'TexpressPattern': 'lux', 'LLL': ['diabetes', 'test'], 'QUERY': 'CNS'}
{'TexpressPattern': 'a', 'LLL': ['hue', 'test'], 'QUERY': 'HIV'}
{'TexpressPattern': 'a', 'LLL': ['hue', 'test'], 'QUERY': 'HIV'}
{'TexpressPattern': 'lux', 'LLL': ['diabetes', 'test'], 'QUERY': 'CNS'}
{'TexpressPattern': 'a', 'LLL': ['hue', 'test'], 'QUERY': 'HIV'}
{'TexpressPattern': 'lux', 'LLL': ['diabetes', 'test'], 'QUERY': 'CNS'}
{'TexpressPattern': 'a', 'LLL': ['hue', 'test'], 'QUERY': 'HIV'}
{'TexpressPattern': 'a', 'LLL': ['hue', 'test'], 'QUERY': 'HIV'}
{'TexpressPattern': 'a', 'LLL': ['hue', 'test'], 'QUERY': 'HIV'}
{'TexpressPattern': 'A1', 'QUERY': 'HIV', 'LLL': ['hue', 'test']}
{'TexpressPattern': 'A1', 'QUERY': 'HIV', 'LLL': ['hue', 'test']}
{'TexpressPattern': 'A1', 'QUERY': 'HIV', 'LLL': ['hue', 'test']}
{'TexpressPattern': 'A1', 'QUERY': 'HIV', 'LLL': ['hue', 'test']}
{'TexpressPattern': 'A1', 'QUERY': 'CNS', 'LLL': ['hue', 'test']}
{'TexpressPattern': 'lux', 'LLL': ['diabetes', 'test'], 'QUERY': 'CNS'}
{'TexpressPattern': 'lux', 'LLL': ['diabetes', 'test'], 'QUERY': 'CNS'}
{'TexpressPattern': 'a', 'LLL': ['hue', 'test'], 'QUERY': 'HIV'}
{'TexpressPattern': 'lux', 'LLL': ['diabetes', 'test'], 'QUERY': 'CNS'}
{'TexpressPattern': 'AA', 'QUERY': 'META', 'LLL': ['hue', 'test']}
{'TexpressPattern': 'AA', 'QUERY': 'META', 'LLL': ['hue', 'test']}
{'TexpressPattern': 'AA', 'QUERY': 'Uemura', 'LLL': ['hue', 'test']}
{'TexpressPattern': 'lux', 'LLL': ['diabetes', 'test'], 'QUERY': 'CNS'}
{'TexpressPattern': 'lux', 'LLL': ['diabetes', 'test'], 'QUERY': 'CNS'}
{'TexpressPattern': 'lux', 'LLL': ['diabetes', 'test'], 'QUERY': 'CNS'}
{'TexpressPattern': 'lux', 'LLL': ['diabetes', 'test'], 'QUERY': 'Cancer'}
{'TexpressPattern': 'a', 'LLL': ['hue', 'test'], 'QUERY': 'HIV'}
{'TexpressPattern': 'lux', 'LLL': ['diabetes', 'test'], 'QUERY': 'rheumachi'}
{'TexpressPattern': 'lux', 'LLL': ['diabetes', 'test'], 'QUERY': 'rheumachi'}
{'TexpressPattern': 'a', 'LLL': ['hue', 'test'], 'QUERY': 'HIV'}
{'TexpressPattern': 'lux', 'LLL': ['diabetes', 'test'], 'QUERY': 'CNS'}
{'TexpressPattern': 'lux', 'LLL': ['diabetes', 'test'], 'QUERY': 'rheumachi'}
{'TexpressPattern': 'a', 'LLL': ['hue', 'test'], 'QUERY': 'HIV'}
{'TexpressPattern': 'lux', 'LLL': ['diabetes', 'test'], 'QUERY': 'CNS'}
{'TexpressPattern': 'lux', 'LLL': ['diabetes', 'test'], 'QUERY': 'rheumachi'}
{'TexpressPattern': 'a', 'LLL': ['hue', 'test'], 'QUERY': 'HIV'}
{'TexpressPattern': 'lux', 'LLL': ['diabetes', 'test'], 'QUERY': 'CNS'}
{'TexpressPattern': 'lux', 'LLL': ['diabetes', 'test'], 'QUERY': 'rheumachi'}
{'TexpressPattern': 'lux', 'LLL': ['diabetes', 'test'], 'QUERY': 'rheumachi'}
{'TexpressPattern': 'lux', 'LLL': ['diabetes', 'test'], 'QUERY': 'rheumachi'}
{'TexpressPattern': 'a', 'LLL': ['hue', 'test'], 'QUERY': 'HIV'}
{'TexpressPattern': 'lux', 'LLL': ['diabetes', 'test'], 'QUERY': 'CNS'}
{'TexpressPattern': 'lux', 'LLL': ['diabetes', 'test'], 'QUERY': 'CNS'}
